c:\users\bugra\desktop\pdu version game engines\game engines bugra berat kok engine core\project for game engines\games\x64\release\gameengine.pdb
c:\users\bugra\desktop\pdu version game engines\game engines bugra berat kok engine core\project for game engines\games\gameengine\x64\release\uimanager.obj
c:\users\bugra\desktop\pdu version game engines\game engines bugra berat kok engine core\project for game engines\games\gameengine\x64\release\timemanager.obj
c:\users\bugra\desktop\pdu version game engines\game engines bugra berat kok engine core\project for game engines\games\gameengine\x64\release\tilemap.obj
c:\users\bugra\desktop\pdu version game engines\game engines bugra berat kok engine core\project for game engines\games\gameengine\x64\release\textmanager.obj
c:\users\bugra\desktop\pdu version game engines\game engines bugra berat kok engine core\project for game engines\games\gameengine\x64\release\staticobject.obj
c:\users\bugra\desktop\pdu version game engines\game engines bugra berat kok engine core\project for game engines\games\gameengine\x64\release\spritemanager.obj
c:\users\bugra\desktop\pdu version game engines\game engines bugra berat kok engine core\project for game engines\games\gameengine\x64\release\soundmanager.obj
c:\users\bugra\desktop\pdu version game engines\game engines bugra berat kok engine core\project for game engines\games\gameengine\x64\release\scenemanager.obj
c:\users\bugra\desktop\pdu version game engines\game engines bugra berat kok engine core\project for game engines\games\gameengine\x64\release\physicsmanager.obj
c:\users\bugra\desktop\pdu version game engines\game engines bugra berat kok engine core\project for game engines\games\gameengine\x64\release\objectmanager.obj
c:\users\bugra\desktop\pdu version game engines\game engines bugra berat kok engine core\project for game engines\games\gameengine\x64\release\inputmanager.obj
c:\users\bugra\desktop\pdu version game engines\game engines bugra berat kok engine core\project for game engines\games\gameengine\x64\release\gamemanager.obj
c:\users\bugra\desktop\pdu version game engines\game engines bugra berat kok engine core\project for game engines\games\gameengine\x64\release\engineapp.obj
c:\users\bugra\desktop\pdu version game engines\game engines bugra berat kok engine core\project for game engines\games\gameengine\x64\release\character.obj
c:\users\bugra\desktop\pdu version game engines\game engines bugra berat kok engine core\project for game engines\games\gameengine\x64\release\button.obj
c:\users\bugra\desktop\pdu version game engines\game engines bugra berat kok engine core\project for game engines\games\gameengine\x64\release\baseobject.obj
c:\users\bugra\desktop\pdu version game engines\game engines bugra berat kok engine core\project for game engines\games\gameengine\x64\release\backgroundmanager.obj
c:\users\bugra\desktop\pdu version game engines\game engines bugra berat kok engine core\project for game engines\games\gameengine\x64\release\animationmanager.obj
c:\users\bugra\desktop\pdu version game engines\game engines bugra berat kok engine core\project for game engines\games\x64\release\gameengine.lib
c:\users\bugra\desktop\pdu version game engines\game engines bugra berat kok engine core\project for game engines\games\gameengine\x64\release\gameengine.tlog\cl.command.1.tlog
c:\users\bugra\desktop\pdu version game engines\game engines bugra berat kok engine core\project for game engines\games\gameengine\x64\release\gameengine.tlog\cl.items.tlog
c:\users\bugra\desktop\pdu version game engines\game engines bugra berat kok engine core\project for game engines\games\gameengine\x64\release\gameengine.tlog\cl.read.1.tlog
c:\users\bugra\desktop\pdu version game engines\game engines bugra berat kok engine core\project for game engines\games\gameengine\x64\release\gameengine.tlog\cl.write.1.tlog
c:\users\bugra\desktop\pdu version game engines\game engines bugra berat kok engine core\project for game engines\games\gameengine\x64\release\gameengine.tlog\lib-link.read.1.tlog
c:\users\bugra\desktop\pdu version game engines\game engines bugra berat kok engine core\project for game engines\games\gameengine\x64\release\gameengine.tlog\lib-link.write.1.tlog
c:\users\bugra\desktop\pdu version game engines\game engines bugra berat kok engine core\project for game engines\games\gameengine\x64\release\gameengine.tlog\lib.command.1.tlog
