c:\users\bugra\desktop\pdu version game engines\game engines bugra berat kok engine core\project for game engines\games\applecatch\x64\debug\vc143.pdb
c:\users\bugra\desktop\pdu version game engines\game engines bugra berat kok engine core\project for game engines\games\applecatch\x64\debug\vc143.idb
c:\users\bugra\desktop\pdu version game engines\game engines bugra berat kok engine core\project for game engines\games\applecatch\x64\debug\player.obj
c:\users\bugra\desktop\pdu version game engines\game engines bugra berat kok engine core\project for game engines\games\applecatch\x64\debug\main.obj
c:\users\bugra\desktop\pdu version game engines\game engines bugra berat kok engine core\project for game engines\games\applecatch\x64\debug\applestartscene.obj
c:\users\bugra\desktop\pdu version game engines\game engines bugra berat kok engine core\project for game engines\games\applecatch\x64\debug\applegamescene.obj
c:\users\bugra\desktop\pdu version game engines\game engines bugra berat kok engine core\project for game engines\games\applecatch\x64\debug\applegameoverscene.obj
c:\users\bugra\desktop\pdu version game engines\game engines bugra berat kok engine core\project for game engines\games\applecatch\x64\debug\applecollectorgame.obj
c:\users\bugra\desktop\pdu version game engines\game engines bugra berat kok engine core\project for game engines\games\applecatch\x64\debug\apple.obj
c:\users\bugra\desktop\pdu version game engines\game engines bugra berat kok engine core\project for game engines\games\x64\debug\applecatch.exe
c:\users\bugra\desktop\pdu version game engines\game engines bugra berat kok engine core\project for game engines\games\x64\debug\applecatch.pdb
c:\users\bugra\desktop\pdu version game engines\game engines bugra berat kok engine core\project for game engines\games\applecatch\x64\debug\applecatch.ilk
c:\users\bugra\desktop\pdu version game engines\game engines bugra berat kok engine core\project for game engines\games\applecatch\x64\debug\applecatch.tlog\cl.command.1.tlog
c:\users\bugra\desktop\pdu version game engines\game engines bugra berat kok engine core\project for game engines\games\applecatch\x64\debug\applecatch.tlog\cl.items.tlog
c:\users\bugra\desktop\pdu version game engines\game engines bugra berat kok engine core\project for game engines\games\applecatch\x64\debug\applecatch.tlog\cl.read.1.tlog
c:\users\bugra\desktop\pdu version game engines\game engines bugra berat kok engine core\project for game engines\games\applecatch\x64\debug\applecatch.tlog\cl.write.1.tlog
c:\users\bugra\desktop\pdu version game engines\game engines bugra berat kok engine core\project for game engines\games\applecatch\x64\debug\applecatch.tlog\link.command.1.tlog
c:\users\bugra\desktop\pdu version game engines\game engines bugra berat kok engine core\project for game engines\games\applecatch\x64\debug\applecatch.tlog\link.read.1.tlog
c:\users\bugra\desktop\pdu version game engines\game engines bugra berat kok engine core\project for game engines\games\applecatch\x64\debug\applecatch.tlog\link.secondary.1.tlog
c:\users\bugra\desktop\pdu version game engines\game engines bugra berat kok engine core\project for game engines\games\applecatch\x64\debug\applecatch.tlog\link.write.1.tlog
