  Cat.cpp
C:\Users\bugra\Desktop\PDU Version Game Engines\Game Engines Bugra Berat Kok Engine Core\Internal\AnimationManager.h(9,8): warning C4099: 'Animation': type name first seen using 'class' now seen using 'struct'
  (compiling source file 'Cat.cpp')
      C:\Users\bugra\Desktop\PDU Version Game Engines\Game Engines Bugra Berat Kok Engine Core\Internal\AnimationManager.h(9,8):
      see declaration of 'Animation'
  
  CatChaseGame.cpp
C:\Users\bugra\Desktop\PDU Version Game Engines\Game Engines Bugra Berat Kok Engine Core\Internal\AnimationManager.h(9,8): warning C4099: 'Animation': type name first seen using 'class' now seen using 'struct'
  (compiling source file 'CatChaseGame.cpp')
      C:\Users\bugra\Desktop\PDU Version Game Engines\Game Engines Bugra Berat Kok Engine Core\Internal\AnimationManager.h(9,8):
      see declaration of 'Animation'
  
  Dog.cpp
C:\Users\bugra\Desktop\PDU Version Game Engines\Game Engines Bugra Berat Kok Engine Core\Internal\AnimationManager.h(9,8): warning C4099: 'Animation': type name first seen using 'class' now seen using 'struct'
  (compiling source file 'Dog.cpp')
      C:\Users\bugra\Desktop\PDU Version Game Engines\Game Engines Bugra Berat Kok Engine Core\Internal\AnimationManager.h(9,8):
      see declaration of 'Animation'
  
  Dog.h
C:\Users\bugra\Desktop\PDU Version Game Engines\Game Engines Bugra Berat Kok Engine Core\Internal\AnimationManager.h(9,8): warning C4099: 'Animation': type name first seen using 'class' now seen using 'struct'
  (compiling source file 'Dog.h')
      C:\Users\bugra\Desktop\PDU Version Game Engines\Game Engines Bugra Berat Kok Engine Core\Internal\AnimationManager.h(9,8):
      see declaration of 'Animation'
  
  GameOverScene.cpp
C:\Users\bugra\Desktop\PDU Version Game Engines\Game Engines Bugra Berat Kok Engine Core\Internal\AnimationManager.h(9,8): warning C4099: 'Animation': type name first seen using 'class' now seen using 'struct'
  (compiling source file 'GameOverScene.cpp')
      C:\Users\bugra\Desktop\PDU Version Game Engines\Game Engines Bugra Berat Kok Engine Core\Internal\AnimationManager.h(9,8):
      see declaration of 'Animation'
  
  GameScene.cpp
C:\Users\bugra\Desktop\PDU Version Game Engines\Game Engines Bugra Berat Kok Engine Core\Internal\AnimationManager.h(9,8): warning C4099: 'Animation': type name first seen using 'class' now seen using 'struct'
  (compiling source file 'GameScene.cpp')
      C:\Users\bugra\Desktop\PDU Version Game Engines\Game Engines Bugra Berat Kok Engine Core\Internal\AnimationManager.h(9,8):
      see declaration of 'Animation'
  
  main.cpp
C:\Users\bugra\Desktop\PDU Version Game Engines\Game Engines Bugra Berat Kok Engine Core\Internal\BaseObject.h(41,29): warning C4099: 'Animation': type name first seen using 'struct' now seen using 'class'
  (compiling source file 'main.cpp')
      C:\Users\bugra\Desktop\PDU Version Game Engines\Game Engines Bugra Berat Kok Engine Core\Internal\AnimationManager.h(9,8):
      see declaration of 'Animation'
  
C:\Users\bugra\Desktop\PDU Version Game Engines\Game Engines Bugra Berat Kok Engine Core\Internal\BaseObject.h(42,30): warning C4099: 'Animation': type name first seen using 'struct' now seen using 'class'
  (compiling source file 'main.cpp')
      C:\Users\bugra\Desktop\PDU Version Game Engines\Game Engines Bugra Berat Kok Engine Core\Internal\AnimationManager.h(9,8):
      see declaration of 'Animation'
  
  Mouse.cpp
C:\Users\bugra\Desktop\PDU Version Game Engines\Game Engines Bugra Berat Kok Engine Core\Internal\AnimationManager.h(9,8): warning C4099: 'Animation': type name first seen using 'class' now seen using 'struct'
  (compiling source file 'Mouse.cpp')
      C:\Users\bugra\Desktop\PDU Version Game Engines\Game Engines Bugra Berat Kok Engine Core\Internal\AnimationManager.h(9,8):
      see declaration of 'Animation'
  
  StartScene.cpp
  Generating Code...
x64\Debug\Dog.obj : warning LNK4042: object specified more than once; extras ignored
  CatChase.vcxproj -> C:\Users\bugra\Desktop\PDU Version Game Engines\Game Engines Bugra Berat Kok Engine Core\Project for Game Engines\Games\x64\Debug\CatChase.exe
