c:\users\bugra\desktop\pdu version game engines\game engines bugra berat kok engine core\project for game engines\games\catchase\x64\debug\vc143.pdb
c:\users\bugra\desktop\pdu version game engines\game engines bugra berat kok engine core\project for game engines\games\catchase\x64\debug\vc143.idb
c:\users\bugra\desktop\pdu version game engines\game engines bugra berat kok engine core\project for game engines\games\catchase\x64\debug\startscene.obj
c:\users\bugra\desktop\pdu version game engines\game engines bugra berat kok engine core\project for game engines\games\catchase\x64\debug\mouse.obj
c:\users\bugra\desktop\pdu version game engines\game engines bugra berat kok engine core\project for game engines\games\catchase\x64\debug\main.obj
c:\users\bugra\desktop\pdu version game engines\game engines bugra berat kok engine core\project for game engines\games\catchase\x64\debug\gamescene.obj
c:\users\bugra\desktop\pdu version game engines\game engines bugra berat kok engine core\project for game engines\games\catchase\x64\debug\gameoverscene.obj
c:\users\bugra\desktop\pdu version game engines\game engines bugra berat kok engine core\project for game engines\games\catchase\x64\debug\dog.obj
c:\users\bugra\desktop\pdu version game engines\game engines bugra berat kok engine core\project for game engines\games\catchase\x64\debug\catchasegame.obj
c:\users\bugra\desktop\pdu version game engines\game engines bugra berat kok engine core\project for game engines\games\catchase\x64\debug\cat.obj
c:\users\bugra\desktop\pdu version game engines\game engines bugra berat kok engine core\project for game engines\games\x64\debug\catchase.exe
c:\users\bugra\desktop\pdu version game engines\game engines bugra berat kok engine core\project for game engines\games\x64\debug\catchase.pdb
c:\users\bugra\desktop\pdu version game engines\game engines bugra berat kok engine core\project for game engines\games\catchase\x64\debug\catchase.ilk
c:\users\bugra\desktop\pdu version game engines\game engines bugra berat kok engine core\project for game engines\games\catchase\x64\debug\catchase.tlog\cl.command.1.tlog
c:\users\bugra\desktop\pdu version game engines\game engines bugra berat kok engine core\project for game engines\games\catchase\x64\debug\catchase.tlog\cl.items.tlog
c:\users\bugra\desktop\pdu version game engines\game engines bugra berat kok engine core\project for game engines\games\catchase\x64\debug\catchase.tlog\cl.read.1.tlog
c:\users\bugra\desktop\pdu version game engines\game engines bugra berat kok engine core\project for game engines\games\catchase\x64\debug\catchase.tlog\cl.write.1.tlog
c:\users\bugra\desktop\pdu version game engines\game engines bugra berat kok engine core\project for game engines\games\catchase\x64\debug\catchase.tlog\link.command.1.tlog
c:\users\bugra\desktop\pdu version game engines\game engines bugra berat kok engine core\project for game engines\games\catchase\x64\debug\catchase.tlog\link.read.1.tlog
c:\users\bugra\desktop\pdu version game engines\game engines bugra berat kok engine core\project for game engines\games\catchase\x64\debug\catchase.tlog\link.secondary.1.tlog
c:\users\bugra\desktop\pdu version game engines\game engines bugra berat kok engine core\project for game engines\games\catchase\x64\debug\catchase.tlog\link.write.1.tlog
